<?xml version="1.0" encoding="UTF-8"?>
<!-- Generated by org.testng.reporters.JUnitXMLReporter -->
<testsuite ignored="0" hostname="DESKTOP-UMRLRJO" failures="0" tests="1" name="wisefinch" time="5.037" errors="0" timestamp="2021-08-03T09:16:00 IST">
  <testcase classname="com.wisefinch.java.OpenhrmliveClass" name="@BeforeMethod setup" time="4.832">
    <failure type="org.openqa.selenium.SessionNotCreatedException" message="session not created: This version of ChromeDriver only supports Chrome version 90
Current browser version is 92.0.4515.107 with binary path C:\Program Files (x86)\Google\Chrome\Application\chrome.exe
Build info: version: &amp;apos;3.141.59&amp;apos;, revision: &amp;apos;e82be7d358&amp;apos;, time: &amp;apos;2018-11-14T08:25:53&amp;apos;
System info: host: &amp;apos;DESKTOP-UMRLRJO&amp;apos;, ip: &amp;apos;192.168.1.9&amp;apos;, os.name: &amp;apos;Windows 10&amp;apos;, os.arch: &amp;apos;amd64&amp;apos;, os.version: &amp;apos;10.0&amp;apos;, java.version: &amp;apos;15.0.2&amp;apos;
Driver info: driver.version: ChromeDriver
remote stacktrace: Backtrace:
	Ordinal0 [0x00B0C013+2474003]
	Ordinal0 [0x00AA29C1+2042305]
	Ordinal0 [0x009B2F68+1060712]
	Ordinal0 [0x009D188E+1185934]
	Ordinal0 [0x009CD600+1168896]
	Ordinal0 [0x009CAA83+1157763]
	Ordinal0 [0x009FA2A2+1352354]
	Ordinal0 [0x009F8FAA+1347498]
	Ordinal0 [0x009F66DB+1337051]
	Ordinal0 [0x009D3427+1192999]
	Ordinal0 [0x009D42EE+1196782]
	Ordinal0 [0x009D4279+1196665]
	GetHandleVerifier [0x00C996FC+1590332]
	GetHandleVerifier [0x00D48614+2306900]
	GetHandleVerifier [0x00B99E93+543699]
	GetHandleVerifier [0x00B992CE+540686]
	Ordinal0 [0x00AA86BA+2066106]
	Ordinal0 [0x00AAD1C8+2085320]
	Ordinal0 [0x00AAD308+2085640]
	Ordinal0 [0x00AB67F3+2123763]
	BaseThreadInitThunk [0x764DFA29+25]
	RtlGetAppContainerNamedObjectPath [0x77757A7E+286]
	RtlGetAppContainerNamedObjectPath [0x77757A4E+238]
">
      <![CDATA[org.openqa.selenium.SessionNotCreatedException: session not created: This version of ChromeDriver only supports Chrome version 90
Current browser version is 92.0.4515.107 with binary path C:\Program Files (x86)\Google\Chrome\Application\chrome.exe
Build info: version: '3.141.59', revision: 'e82be7d358', time: '2018-11-14T08:25:53'
System info: host: 'DESKTOP-UMRLRJO', ip: '192.168.1.9', os.name: 'Windows 10', os.arch: 'amd64', os.version: '10.0', java.version: '15.0.2'
Driver info: driver.version: ChromeDriver
remote stacktrace: Backtrace:
Ordinal0 [0x00B0C013+2474003]
Ordinal0 [0x00AA29C1+2042305]
Ordinal0 [0x009B2F68+1060712]
Ordinal0 [0x009D188E+1185934]
Ordinal0 [0x009CD600+1168896]
Ordinal0 [0x009CAA83+1157763]
Ordinal0 [0x009FA2A2+1352354]
Ordinal0 [0x009F8FAA+1347498]
Ordinal0 [0x009F66DB+1337051]
Ordinal0 [0x009D3427+1192999]
Ordinal0 [0x009D42EE+1196782]
Ordinal0 [0x009D4279+1196665]
GetHandleVerifier [0x00C996FC+1590332]
GetHandleVerifier [0x00D48614+2306900]
GetHandleVerifier [0x00B99E93+543699]
GetHandleVerifier [0x00B992CE+540686]
Ordinal0 [0x00AA86BA+2066106]
Ordinal0 [0x00AAD1C8+2085320]
Ordinal0 [0x00AAD308+2085640]
Ordinal0 [0x00AB67F3+2123763]
BaseThreadInitThunk [0x764DFA29+25]
RtlGetAppContainerNamedObjectPath [0x77757A7E+286]
RtlGetAppContainerNamedObjectPath [0x77757A4E+238]

at org.openqa.selenium.remote.W3CHandshakeResponse.lambda$errorHandler$0(W3CHandshakeResponse.java:62)
at org.openqa.selenium.remote.HandshakeResponse.lambda$getResponseFunction$0(HandshakeResponse.java:30)
at org.openqa.selenium.remote.ProtocolHandshake.lambda$createSession$0(ProtocolHandshake.java:126)
at java.base/java.util.stream.ReferencePipeline$3$1.accept(ReferencePipeline.java:195)
at java.base/java.util.Spliterators$ArraySpliterator.tryAdvance(Spliterators.java:958)
at java.base/java.util.stream.ReferencePipeline.forEachWithCancel(ReferencePipeline.java:127)
at java.base/java.util.stream.AbstractPipeline.copyIntoWithCancel(AbstractPipeline.java:502)
at java.base/java.util.stream.AbstractPipeline.copyInto(AbstractPipeline.java:488)
at java.base/java.util.stream.AbstractPipeline.wrapAndCopyInto(AbstractPipeline.java:474)
at java.base/java.util.stream.FindOps$FindOp.evaluateSequential(FindOps.java:150)
at java.base/java.util.stream.AbstractPipeline.evaluate(AbstractPipeline.java:234)
at java.base/java.util.stream.ReferencePipeline.findFirst(ReferencePipeline.java:543)
at org.openqa.selenium.remote.ProtocolHandshake.createSession(ProtocolHandshake.java:128)
at org.openqa.selenium.remote.ProtocolHandshake.createSession(ProtocolHandshake.java:74)
at org.openqa.selenium.remote.HttpCommandExecutor.execute(HttpCommandExecutor.java:136)
at org.openqa.selenium.remote.service.DriverCommandExecutor.execute(DriverCommandExecutor.java:83)
at org.openqa.selenium.remote.RemoteWebDriver.execute(RemoteWebDriver.java:552)
at org.openqa.selenium.remote.RemoteWebDriver.startSession(RemoteWebDriver.java:213)
at org.openqa.selenium.remote.RemoteWebDriver.<init>(RemoteWebDriver.java:131)
at org.openqa.selenium.chrome.ChromeDriver.<init>(ChromeDriver.java:181)
at org.openqa.selenium.chrome.ChromeDriver.<init>(ChromeDriver.java:168)
at org.openqa.selenium.chrome.ChromeDriver.<init>(ChromeDriver.java:157)
at com.wisefinch.java.OpenhrmliveClass.setup(OpenhrmliveClass.java:63)
at java.base/java.util.ArrayList.forEach(ArrayList.java:1511)
at java.base/java.util.concurrent.FutureTask.run(FutureTask.java:264)
at java.base/java.util.concurrent.ThreadPoolExecutor.runWorker(ThreadPoolExecutor.java:1130)
at java.base/java.util.concurrent.ThreadPoolExecutor$Worker.run(ThreadPoolExecutor.java:630)
at java.base/java.lang.Thread.run(Thread.java:832)
... Removed 27 stack frames]]>
    </failure>
  </testcase> <!-- @BeforeMethod setup -->
  <testcase classname="com.wisefinch.java.OpenhrmliveClass" name="@AfterMethod wrapUp" time="-1.627962360369E9">
    <skipped/>
  </testcase> <!-- @AfterMethod wrapUp -->
  <testcase classname="com.wisefinch.java.OpenhrmliveClass" name="validate_Openhrm_live_Rev1" time="0.0">
    <skipped/>
  </testcase> <!-- validate_Openhrm_live_Rev1 -->
</testsuite> <!-- wisefinch -->
